<?xml version="1.0" encoding="UTF-8"?>
<!-- Generated by org.testng.reporters.JUnitReportReporter -->
<testsuite skipped="0" hostname="MYPC" name="academy.HomePage" tests="1" failures="0" timestamp="12 May 2021 06:39:31 GMT" time="25.023" errors="0">
  <testcase name="basePageNavigation" time="25.023" classname="academy.HomePage"/>
</testsuite> <!-- academy.HomePage -->
