<?xml version="1.0" encoding="UTF-8"?>
<!-- Generated by org.testng.reporters.JUnitReportReporter -->
<testsuite skipped="0" hostname="MYPC" name="academy.HomePage" tests="1" failures="0" timestamp="31 May 2021 06:21:51 GMT" time="19.702" errors="0">
  <testcase name="basePageNavigation" time="19.702" classname="academy.HomePage"/>
</testsuite> <!-- academy.HomePage -->
