<?xml version="1.0" encoding="UTF-8"?>
<!-- Generated by org.testng.reporters.JUnitReportReporter -->
<testsuite skipped="0" hostname="MYPC" name="academy.ValidateTitle" tests="1" failures="0" timestamp="11 May 2021 09:25:56 GMT" time="7.036" errors="0">
  <testcase name="basePageNavigation" time="7.036" classname="academy.ValidateTitle"/>
</testsuite> <!-- academy.ValidateTitle -->
